<?xml version="1.0" encoding="UTF-8"?>
<testsuite xmlns:xsi="http://www.w3.org/2001/XMLSchema-instance" xsi:noNamespaceSchemaLocation="https://maven.apache.org/surefire/maven-surefire-plugin/xsd/surefire-test-report.xsd" name="com.taest.tourismdatavisualization.TourismdatavisualizationApplicationTests" time="4.491" tests="13" errors="0" skipped="0" failures="0">
  <properties>
[...]
</properties>
  <testcase name="getCityEnterpriseEconomicByTime" classname="com.taest.tourismdatavisualization.TourismdatavisualizationApplicationTests" time="0.524"/>
  <testcase name="getProvinceHotelsByTime" classname="com.taest.tourismdatavisualization.TourismdatavisualizationApplicationTests" time="0.03"/>
  <testcase name="getProvinceAgencyEconomicByTime" classname="com.taest.tourismdatavisualization.TourismdatavisualizationApplicationTests" time="0.029"/>
  <testcase name="getHAHotScenicInCities" classname="com.taest.tourismdatavisualization.TourismdatavisualizationApplicationTests" time="0.004"/>
  <testcase name="getHACityIncomeByTime" classname="com.taest.tourismdatavisualization.TourismdatavisualizationApplicationTests" time="0.066"/>
  <testcase name="getHACityStreamByTime" classname="com.taest.tourismdatavisualization.TourismdatavisualizationApplicationTests" time="0.005"/>
  <testcase name="getNationForeignTouristsByTime" classname="com.taest.tourismdatavisualization.TourismdatavisualizationApplicationTests" time="0.027"/>
  <testcase name="getHotResidenceByTime" classname="com.taest.tourismdatavisualization.TourismdatavisualizationApplicationTests" time="0"/>
  <testcase name="testScenicCommentAnalysis" classname="com.taest.tourismdatavisualization.TourismdatavisualizationApplicationTests" time="0.012"/>
  <testcase name="testCommentAnalysis" classname="com.taest.tourismdatavisualization.TourismdatavisualizationApplicationTests" time="0.068"/>
  <testcase name="getProvinceEnterpriseEconomicByTime" classname="com.taest.tourismdatavisualization.TourismdatavisualizationApplicationTests" time="0.009"/>
  <testcase name="getHAHotScenicByTime" classname="com.taest.tourismdatavisualization.TourismdatavisualizationApplicationTests" time="0"/>
  <testcase name="getHAHotCitiesByTime" classname="com.taest.tourismdatavisualization.TourismdatavisualizationApplicationTests" time="0"/>
</testsuite>